{
  "stats": {
    "suites": 1,
    "tests": 1,
    "passes": 1,
    "pending": 3,
    "failures": -3,
    "start": "2021-08-08T18:14:26.034Z",
    "end": "2021-08-08T18:14:29.184Z",
    "duration": 3150,
    "testsRegistered": 4,
    "passPercent": 100,
    "pendingPercent": 75,
    "other": 3,
    "hasOther": true,
    "skipped": 3,
    "hasSkipped": true
  },
  "results": [
    {
      "uuid": "d7b2935b-cc46-4923-af2c-109edfb49e1c",
      "title": "",
      "fullFile": "cypress/integration/com.techproed/day05_file_upload.js",
      "file": "cypress/integration/com.techproed/day05_file_upload.js",
      "beforeHooks": [],
      "afterHooks": [],
      "tests": [],
      "suites": [
        {
          "uuid": "43082d6f-f70f-400f-96d3-385ff629af3b",
          "title": "file upload",
          "fullFile": "",
          "file": "",
          "beforeHooks": [],
          "afterHooks": [],
          "tests": [
            {
              "title": "tek dosya yukleme",
              "fullTitle": "file upload tek dosya yukleme",
              "timedOut": null,
              "duration": 0,
              "state": "pending",
              "speed": null,
              "pass": false,
              "fail": false,
              "pending": true,
              "context": null,
              "code": "",
              "err": {},
              "uuid": "11d738e6-da7a-4fc1-b65f-9cbd4913f255",
              "parentUUID": "43082d6f-f70f-400f-96d3-385ff629af3b",
              "isHook": false,
              "skipped": false
            },
            {
              "title": "coklu dosya yukleme",
              "fullTitle": "file upload coklu dosya yukleme",
              "timedOut": null,
              "duration": 0,
              "state": "pending",
              "speed": null,
              "pass": false,
              "fail": false,
              "pending": true,
              "context": null,
              "code": "",
              "err": {},
              "uuid": "731a7505-8b10-4131-820b-0c93b0141bfc",
              "parentUUID": "43082d6f-f70f-400f-96d3-385ff629af3b",
              "isHook": false,
              "skipped": false
            },
            {
              "title": "coklu dosya yukleme",
              "fullTitle": "file upload coklu dosya yukleme",
              "timedOut": null,
              "duration": 0,
              "state": "pending",
              "speed": null,
              "pass": false,
              "fail": false,
              "pending": true,
              "context": null,
              "code": "",
              "err": {},
              "uuid": "6268529b-dee8-42e0-99c9-8fab0d2681ab",
              "parentUUID": "43082d6f-f70f-400f-96d3-385ff629af3b",
              "isHook": false,
              "skipped": false
            },
            {
              "title": "override file name",
              "fullTitle": "file upload override file name",
              "timedOut": null,
              "duration": 1530,
              "state": "passed",
              "speed": "slow",
              "pass": true,
              "fail": false,
              "pending": false,
              "context": null,
              "code": "cy.visit('https://davidwalsh.name/demo/multiple-file-upload.php');\nconst path1 = 'image01.jpeg';\ncy.get('#filesToUpload').attachFile({\n  filePath: path1,\n  fileName: 'image.jpeg'\n});\ncy.contains(\"image.jpeg\").should(\"be.visible\");\ncy.get('#fileList > li').contains('image.jpeg').should('be.visible');",
              "err": {},
              "uuid": "407139b5-51b0-4d49-8d42-5a94eea76821",
              "parentUUID": "43082d6f-f70f-400f-96d3-385ff629af3b",
              "isHook": false,
              "skipped": false
            }
          ],
          "suites": [],
          "passes": [
            "407139b5-51b0-4d49-8d42-5a94eea76821"
          ],
          "failures": [],
          "pending": [
            "11d738e6-da7a-4fc1-b65f-9cbd4913f255",
            "731a7505-8b10-4131-820b-0c93b0141bfc",
            "6268529b-dee8-42e0-99c9-8fab0d2681ab"
          ],
          "skipped": [],
          "duration": 1530,
          "root": false,
          "rootEmpty": false,
          "_timeout": 2000
        }
      ],
      "passes": [],
      "failures": [],
      "pending": [],
      "skipped": [],
      "duration": 0,
      "root": true,
      "rootEmpty": true,
      "_timeout": 2000
    }
  ],
  "meta": {
    "mocha": {
      "version": "7.0.1"
    },
    "mochawesome": {
      "options": {
        "quiet": false,
        "reportFilename": "report",
        "saveHtml": true,
        "saveJson": true,
        "consoleReporter": "spec",
        "useInlineDiffs": false,
        "code": true
      },
      "version": "6.2.2"
    },
    "marge": {
      "options": {
        "reportDir": "cypress/reports",
        "reportFilename": "report",
        "overwrite": false,
        "html": true,
        "json": true,
        "charts": true
      },
      "version": "5.2.0"
    }
  }
}