{
  "stats": {
    "suites": 1,
    "tests": 2,
    "passes": 2,
    "pending": 0,
    "failures": 0,
    "start": "2021-08-08T18:12:50.592Z",
    "end": "2021-08-08T18:12:59.120Z",
    "duration": 8528,
    "testsRegistered": 2,
    "passPercent": 100,
    "pendingPercent": 0,
    "other": 0,
    "hasOther": false,
    "skipped": 0,
    "hasSkipped": false
  },
  "results": [
    {
      "uuid": "34724ab1-e294-4eed-814e-1d067db2bb5d",
      "title": "",
      "fullFile": "cypress/integration/com.techproed/day04_multiple_windows.js",
      "file": "cypress/integration/com.techproed/day04_multiple_windows.js",
      "beforeHooks": [],
      "afterHooks": [],
      "tests": [],
      "suites": [
        {
          "uuid": "088e3b7b-aefc-4cc9-974f-ab729c28be7e",
          "title": "multiple windows",
          "fullFile": "",
          "file": "",
          "beforeHooks": [],
          "afterHooks": [],
          "tests": [
            {
              "title": "removing target",
              "fullTitle": "multiple windows removing target",
              "timedOut": null,
              "duration": 4349,
              "state": "passed",
              "speed": "slow",
              "pass": true,
              "fail": false,
              "pending": false,
              "context": null,
              "code": "cy.visit('https://the-internet.herokuapp.com/windows');\ncy.wait(3000);\ncy.get('.example > a').invoke('removeAttr', 'target').click(); //invoke('removeAttr', 'Atribute Name')\n// attribute siliyor.\n//yeni sekme acmiyor. tiklandiginda ayni sekmede aciyor\ncy.get('h3').should('have.text', 'New Window');",
              "err": {},
              "uuid": "fa101f35-c3ab-47cf-916e-a50bf9d8fda1",
              "parentUUID": "088e3b7b-aefc-4cc9-974f-ab729c28be7e",
              "isHook": false,
              "skipped": false
            },
            {
              "title": "yeni urlde acma",
              "fullTitle": "multiple windows yeni urlde acma",
              "timedOut": null,
              "duration": 3443,
              "state": "passed",
              "speed": "slow",
              "pass": true,
              "fail": false,
              "pending": false,
              "context": null,
              "code": "cy.visit('https://the-internet.herokuapp.com/windows');\ncy.wait(3000); // prop() ile 'href' degerini aldik\n// prop()-> jquery, attribute degerini alan bir method\ncy.get('.example > a').then(element => {\n  const newURL = element.prop('href');\n  cy.visit(newURL);\n});\ncy.get('h3').should('have.text', 'New Window');",
              "err": {},
              "uuid": "2a7328a6-5feb-4ed3-8890-09815a59a3dd",
              "parentUUID": "088e3b7b-aefc-4cc9-974f-ab729c28be7e",
              "isHook": false,
              "skipped": false
            }
          ],
          "suites": [],
          "passes": [
            "fa101f35-c3ab-47cf-916e-a50bf9d8fda1",
            "2a7328a6-5feb-4ed3-8890-09815a59a3dd"
          ],
          "failures": [],
          "pending": [],
          "skipped": [],
          "duration": 7792,
          "root": false,
          "rootEmpty": false,
          "_timeout": 2000
        }
      ],
      "passes": [],
      "failures": [],
      "pending": [],
      "skipped": [],
      "duration": 0,
      "root": true,
      "rootEmpty": true,
      "_timeout": 2000
    }
  ],
  "meta": {
    "mocha": {
      "version": "7.0.1"
    },
    "mochawesome": {
      "options": {
        "quiet": false,
        "reportFilename": "report",
        "saveHtml": true,
        "saveJson": true,
        "consoleReporter": "spec",
        "useInlineDiffs": false,
        "code": true
      },
      "version": "6.2.2"
    },
    "marge": {
      "options": {
        "reportDir": "cypress/reports",
        "reportFilename": "report",
        "overwrite": false,
        "html": true,
        "json": true,
        "charts": true
      },
      "version": "5.2.0"
    }
  }
}