{
  "stats": {
    "suites": 1,
    "tests": 1,
    "passes": 1,
    "pending": 0,
    "failures": 0,
    "start": "2021-08-08T18:14:44.654Z",
    "end": "2021-08-08T18:14:56.595Z",
    "duration": 11941,
    "testsRegistered": 1,
    "passPercent": 100,
    "pendingPercent": 0,
    "other": 0,
    "hasOther": false,
    "skipped": 0,
    "hasSkipped": false
  },
  "results": [
    {
      "uuid": "abe194ef-0ac7-40af-a0cf-7e7ed0891434",
      "title": "",
      "fullFile": "cypress/integration/com.techproed/day07_paylin_bank_with_fixture.js",
      "file": "cypress/integration/com.techproed/day07_paylin_bank_with_fixture.js",
      "beforeHooks": [],
      "afterHooks": [],
      "tests": [],
      "suites": [
        {
          "uuid": "03babc0b-34d9-4d70-9baa-275a5ee8c294",
          "title": "Paylinn Bank",
          "fullFile": "",
          "file": "",
          "beforeHooks": [],
          "afterHooks": [],
          "tests": [
            {
              "title": "paylinn login test",
              "fullTitle": "Paylinn Bank paylinn login test",
              "timedOut": null,
              "duration": 10477,
              "state": "passed",
              "speed": "slow",
              "pass": true,
              "fail": false,
              "pending": false,
              "context": null,
              "code": "//URL'e git\ncy.visit('https://www.paylinn.com/'); //Sign In'e click\ncy.contains('Sign In').click(); //username gir\ncy.get(':nth-child(1) > .MuiFormControl-root > .MuiInputBase-root > .MuiInputBase-input').type(this.data.username); //username girildigini dogrula\n//value attribute dogrulayacagiz\n//<input aria-invalid=\"true\" name=\"username\" type=\"text\" class=\"MuiInputBase-input MuiInput-input\" value=\"\">\n//<input aria-invalid=\"false\" name=\"username\" type=\"text\" class=\"MuiInputBase-input MuiInput-input\" value=\"User\">\ncy.get(':nth-child(1) > .MuiFormControl-root > .MuiInputBase-root > .MuiInputBase-input').should('have.attr', 'value', this.data.username); //password gir\ncy.get(':nth-child(2) > .MuiFormControl-root > .MuiInputBase-root > .MuiInputBase-input').type(this.data.password); //password girildigini dogrula\ncy.get(':nth-child(2) > .MuiFormControl-root > .MuiInputBase-root > .MuiInputBase-input').should('have.attr', 'value', this.data.password); //sign In butonuna tikla\ncy.get('.MuiButton-label').click(); //giris yapildigini onayla\ncy.get('.header__nav > :nth-child(1) > .header__lineOne').should('contain.text', 'Welcome'); //giris yapildigini assert etme\ncy.get('.header__nav').should('contain.text', 'Welcome').and('contain.text', 'React').and('contain.text', 'Logout').and('contain.text', this.data.username);",
              "err": {},
              "uuid": "bec0f65e-d257-49a8-af7a-78313faa4c67",
              "parentUUID": "03babc0b-34d9-4d70-9baa-275a5ee8c294",
              "isHook": false,
              "skipped": false
            }
          ],
          "suites": [],
          "passes": [
            "bec0f65e-d257-49a8-af7a-78313faa4c67"
          ],
          "failures": [],
          "pending": [],
          "skipped": [],
          "duration": 10477,
          "root": false,
          "rootEmpty": false,
          "_timeout": 2000
        }
      ],
      "passes": [],
      "failures": [],
      "pending": [],
      "skipped": [],
      "duration": 0,
      "root": true,
      "rootEmpty": true,
      "_timeout": 2000
    }
  ],
  "meta": {
    "mocha": {
      "version": "7.0.1"
    },
    "mochawesome": {
      "options": {
        "quiet": false,
        "reportFilename": "report",
        "saveHtml": true,
        "saveJson": true,
        "consoleReporter": "spec",
        "useInlineDiffs": false,
        "code": true
      },
      "version": "6.2.2"
    },
    "marge": {
      "options": {
        "reportDir": "cypress/reports",
        "reportFilename": "report",
        "overwrite": false,
        "html": true,
        "json": true,
        "charts": true
      },
      "version": "5.2.0"
    }
  }
}