{
  "stats": {
    "suites": 1,
    "tests": 2,
    "passes": 2,
    "pending": 0,
    "failures": 0,
    "start": "2021-08-08T18:14:09.951Z",
    "end": "2021-08-08T18:14:25.327Z",
    "duration": 15376,
    "testsRegistered": 2,
    "passPercent": 100,
    "pendingPercent": 0,
    "other": 0,
    "hasOther": false,
    "skipped": 0,
    "hasSkipped": false
  },
  "results": [
    {
      "uuid": "f7975a16-230d-4e3b-b652-455c22e47492",
      "title": "",
      "fullFile": "cypress/integration/com.techproed/day05_custom_method.js",
      "file": "cypress/integration/com.techproed/day05_custom_method.js",
      "beforeHooks": [],
      "afterHooks": [],
      "tests": [],
      "suites": [
        {
          "uuid": "50a0003b-f352-4e07-aac6-039c525cd818",
          "title": "custom method",
          "fullFile": "",
          "file": "",
          "beforeHooks": [],
          "afterHooks": [],
          "tests": [
            {
              "title": "login",
              "fullTitle": "custom method login",
              "timedOut": null,
              "duration": 7833,
              "state": "passed",
              "speed": "slow",
              "pass": true,
              "fail": false,
              "pending": false,
              "context": null,
              "code": "cy.login('123murat123@gmail.com', '123murat123'); //login -> commands.js de tanimlanan method\n//commands.js'de tanimlandigi icin framework'ten ulasabiliyoruz",
              "err": {},
              "uuid": "27d3a76d-d8bf-4c72-ad64-c822f5a2f450",
              "parentUUID": "50a0003b-f352-4e07-aac6-039c525cd818",
              "isHook": false,
              "skipped": false
            },
            {
              "title": "negative log in",
              "fullTitle": "custom method negative log in",
              "timedOut": null,
              "duration": 5812,
              "state": "passed",
              "speed": "slow",
              "pass": true,
              "fail": false,
              "pending": false,
              "context": null,
              "code": "cy.login('123murat12@gmail.com', '123murat123');\ncy.contains('Authentication failed').should('be.visible');\ncy.url().should('include', 'controller=authentication');\ncy.screenshot();",
              "err": {},
              "uuid": "c772e097-8654-4a2e-a9df-340627ed337f",
              "parentUUID": "50a0003b-f352-4e07-aac6-039c525cd818",
              "isHook": false,
              "skipped": false
            }
          ],
          "suites": [],
          "passes": [
            "27d3a76d-d8bf-4c72-ad64-c822f5a2f450",
            "c772e097-8654-4a2e-a9df-340627ed337f"
          ],
          "failures": [],
          "pending": [],
          "skipped": [],
          "duration": 13645,
          "root": false,
          "rootEmpty": false,
          "_timeout": 2000
        }
      ],
      "passes": [],
      "failures": [],
      "pending": [],
      "skipped": [],
      "duration": 0,
      "root": true,
      "rootEmpty": true,
      "_timeout": 2000
    }
  ],
  "meta": {
    "mocha": {
      "version": "7.0.1"
    },
    "mochawesome": {
      "options": {
        "quiet": false,
        "reportFilename": "report",
        "saveHtml": true,
        "saveJson": true,
        "consoleReporter": "spec",
        "useInlineDiffs": false,
        "code": true
      },
      "version": "6.2.2"
    },
    "marge": {
      "options": {
        "reportDir": "cypress/reports",
        "reportFilename": "report",
        "overwrite": false,
        "html": true,
        "json": true,
        "charts": true
      },
      "version": "5.2.0"
    }
  }
}