{
  "stats": {
    "suites": 1,
    "tests": 1,
    "passes": 1,
    "pending": 0,
    "failures": 0,
    "start": "2021-08-08T18:11:20.016Z",
    "end": "2021-08-08T18:11:27.193Z",
    "duration": 7177,
    "testsRegistered": 1,
    "passPercent": 100,
    "pendingPercent": 0,
    "other": 0,
    "hasOther": false,
    "skipped": 0,
    "hasSkipped": false
  },
  "results": [
    {
      "uuid": "89a635ab-b972-4e84-ac8a-bb4ba8cfaf92",
      "title": "",
      "fullFile": "cypress/integration/com.techproed/day02_crystal_key.js",
      "file": "cypress/integration/com.techproed/day02_crystal_key.js",
      "beforeHooks": [],
      "afterHooks": [],
      "tests": [],
      "suites": [
        {
          "uuid": "5996c934-c6aa-4d60-b594-ca2333d60a17",
          "title": "Koala Resort Hotel",
          "fullFile": "",
          "file": "",
          "beforeHooks": [],
          "afterHooks": [],
          "tests": [
            {
              "title": "Test Case1",
              "fullTitle": "Koala Resort Hotel Test Case1",
              "timedOut": null,
              "duration": 6254,
              "state": "passed",
              "speed": "slow",
              "pass": true,
              "fail": false,
              "pending": false,
              "context": null,
              "code": "cy.visit('https://qa-environment.koalaresorthotels.com/');\ncy.contains('Log in').click(); //ASSERT\n//1) cy.url().should('include'\ncy.url().should('include', 'Account/Logon'); //url 'Account/Logon' iceriyor mu\n//2) have.text\ncy.get('#navLogon > .nav-link').should('have.text', 'Log in'); //locate edilen yerdeki metinde 'Log in' yaziyor mu\n//3) be.visible\ncy.get('.row > .mb-4').should('be.visible'); //locate edilen yerde metin var mi veya gorunur mu\n//4) should('eq'\ncy.title().should('eq', 'KoalaResortHotels - Log in'); // title buna esit mi ->'KoalaResortHotels - Log in'\n// 5) should('include.text' \ncy.get('.row > .mb-4').should('include.text', 'Log in'); // locate edilen yerde 'Log in' text olarak var mi\n//burada include ve have ayni sonucu verir.",
              "err": {},
              "uuid": "0d4695d6-02b9-4e0f-aaa4-2fbca9f6cff8",
              "parentUUID": "5996c934-c6aa-4d60-b594-ca2333d60a17",
              "isHook": false,
              "skipped": false
            }
          ],
          "suites": [],
          "passes": [
            "0d4695d6-02b9-4e0f-aaa4-2fbca9f6cff8"
          ],
          "failures": [],
          "pending": [],
          "skipped": [],
          "duration": 6254,
          "root": false,
          "rootEmpty": false,
          "_timeout": 2000
        }
      ],
      "passes": [],
      "failures": [],
      "pending": [],
      "skipped": [],
      "duration": 0,
      "root": true,
      "rootEmpty": true,
      "_timeout": 2000
    }
  ],
  "meta": {
    "mocha": {
      "version": "7.0.1"
    },
    "mochawesome": {
      "options": {
        "quiet": false,
        "reportFilename": "report",
        "saveHtml": true,
        "saveJson": true,
        "consoleReporter": "spec",
        "useInlineDiffs": false,
        "code": true
      },
      "version": "6.2.2"
    },
    "marge": {
      "options": {
        "reportDir": "cypress/reports",
        "reportFilename": "report",
        "overwrite": false,
        "html": true,
        "json": true,
        "charts": true
      },
      "version": "5.2.0"
    }
  }
}