{
  "stats": {
    "suites": 1,
    "tests": 1,
    "passes": 1,
    "pending": 0,
    "failures": 0,
    "start": "2021-08-08T18:12:59.798Z",
    "end": "2021-08-08T18:14:09.169Z",
    "duration": 69371,
    "testsRegistered": 1,
    "passPercent": 100,
    "pendingPercent": 0,
    "other": 0,
    "hasOther": false,
    "skipped": 0,
    "hasSkipped": false
  },
  "results": [
    {
      "uuid": "e932343a-a113-448c-85ca-ab02be10f141",
      "title": "",
      "fullFile": "cypress/integration/com.techproed/day05_amazon_search.js",
      "file": "cypress/integration/com.techproed/day05_amazon_search.js",
      "beforeHooks": [],
      "afterHooks": [],
      "tests": [],
      "suites": [
        {
          "uuid": "53d9af17-9344-4aa0-a59b-98df2388a07e",
          "title": "search",
          "fullFile": "",
          "file": "",
          "beforeHooks": [],
          "afterHooks": [],
          "tests": [
            {
              "title": "amazon search",
              "fullTitle": "search amazon search",
              "timedOut": null,
              "duration": 7326,
              "state": "passed",
              "speed": "slow",
              "pass": true,
              "fail": false,
              "pending": false,
              "context": null,
              "code": "//cy.amazonSearch('imac')\ncy.amazonSearch('iphone'); //cy.get('.a-section > .a-color-state').should('have.text', '\"imac\"' )\ncy.get('.a-section > .a-color-state').should('include.text', 'iphone');",
              "err": {},
              "uuid": "6f2644cb-7ef7-4c4d-a71a-5b053261bfac",
              "parentUUID": "53d9af17-9344-4aa0-a59b-98df2388a07e",
              "isHook": false,
              "skipped": false
            }
          ],
          "suites": [],
          "passes": [
            "6f2644cb-7ef7-4c4d-a71a-5b053261bfac"
          ],
          "failures": [],
          "pending": [],
          "skipped": [],
          "duration": 7326,
          "root": false,
          "rootEmpty": false,
          "_timeout": 2000
        }
      ],
      "passes": [],
      "failures": [],
      "pending": [],
      "skipped": [],
      "duration": 0,
      "root": true,
      "rootEmpty": true,
      "_timeout": 2000
    }
  ],
  "meta": {
    "mocha": {
      "version": "7.0.1"
    },
    "mochawesome": {
      "options": {
        "quiet": false,
        "reportFilename": "report",
        "saveHtml": true,
        "saveJson": true,
        "consoleReporter": "spec",
        "useInlineDiffs": false,
        "code": true
      },
      "version": "6.2.2"
    },
    "marge": {
      "options": {
        "reportDir": "cypress/reports",
        "reportFilename": "report",
        "overwrite": false,
        "html": true,
        "json": true,
        "charts": true
      },
      "version": "5.2.0"
    }
  }
}