{
  "stats": {
    "suites": 1,
    "tests": 1,
    "passes": 1,
    "pending": 0,
    "failures": 0,
    "start": "2021-08-08T18:11:07.102Z",
    "end": "2021-08-08T18:11:19.210Z",
    "duration": 12108,
    "testsRegistered": 1,
    "passPercent": 100,
    "pendingPercent": 0,
    "other": 0,
    "hasOther": false,
    "skipped": 0,
    "hasSkipped": false
  },
  "results": [
    {
      "uuid": "43b12939-8b4a-4981-9435-41289831c13a",
      "title": "",
      "fullFile": "cypress/integration/com.techproed/day01_login_test.js",
      "file": "cypress/integration/com.techproed/day01_login_test.js",
      "beforeHooks": [],
      "afterHooks": [],
      "tests": [],
      "suites": [
        {
          "uuid": "b38b00f0-646d-46b3-a8c2-ef09bd5cbb7a",
          "title": "Crystal Key Hotel",
          "fullFile": "",
          "file": "",
          "beforeHooks": [],
          "afterHooks": [],
          "tests": [
            {
              "title": "Test 1",
              "fullTitle": "Crystal Key Hotel Test 1",
              "timedOut": null,
              "duration": 10086,
              "state": "passed",
              "speed": "slow",
              "pass": true,
              "fail": false,
              "pending": false,
              "context": null,
              "code": "cy.visit('https://qa-environment.koalaresorthotels.com/'); //seleniumdaki get()\n//login\n//1.yol\n//cy.get('#navLogon > .nav-link').click()\n//2.yol\ncy.contains('Log in').click(); //contains() metni text olarak buluyor\n//userername: 'manager'\ncy.get('#UserName').type('Manager'); //driver.findElement(BycssLocator('#UserNam')).sendKeys('Manager')\n//password: 'Manager2!'\ncy.get('#Password').type('Manager1!');\ncy.get('#btnSubmit').click();",
              "err": {},
              "uuid": "dd576a17-328f-42f0-9bc3-6c0985c12377",
              "parentUUID": "b38b00f0-646d-46b3-a8c2-ef09bd5cbb7a",
              "isHook": false,
              "skipped": false
            }
          ],
          "suites": [],
          "passes": [
            "dd576a17-328f-42f0-9bc3-6c0985c12377"
          ],
          "failures": [],
          "pending": [],
          "skipped": [],
          "duration": 10086,
          "root": false,
          "rootEmpty": false,
          "_timeout": 2000
        }
      ],
      "passes": [],
      "failures": [],
      "pending": [],
      "skipped": [],
      "duration": 0,
      "root": true,
      "rootEmpty": true,
      "_timeout": 2000
    }
  ],
  "meta": {
    "mocha": {
      "version": "7.0.1"
    },
    "mochawesome": {
      "options": {
        "quiet": false,
        "reportFilename": "report",
        "saveHtml": true,
        "saveJson": true,
        "consoleReporter": "spec",
        "useInlineDiffs": false,
        "code": true
      },
      "version": "6.2.2"
    },
    "marge": {
      "options": {
        "reportDir": "cypress/reports",
        "reportFilename": "report",
        "overwrite": false,
        "html": true,
        "json": true,
        "charts": true
      },
      "version": "5.2.0"
    }
  }
}