{
  "stats": {
    "suites": 1,
    "tests": 1,
    "passes": 1,
    "pending": 0,
    "failures": 0,
    "start": "2021-08-08T18:11:27.855Z",
    "end": "2021-08-08T18:11:34.019Z",
    "duration": 6164,
    "testsRegistered": 1,
    "passPercent": 100,
    "pendingPercent": 0,
    "other": 0,
    "hasOther": false,
    "skipped": 0,
    "hasSkipped": false
  },
  "results": [
    {
      "uuid": "31c953d8-eb3f-4636-b05c-5dc4d11ff68e",
      "title": "",
      "fullFile": "cypress/integration/com.techproed/day02_dropdown.js",
      "file": "cypress/integration/com.techproed/day02_dropdown.js",
      "beforeHooks": [],
      "afterHooks": [],
      "tests": [],
      "suites": [
        {
          "uuid": "0e177e31-7122-4be3-96fa-bf0dce7d5e60",
          "title": "dropdown",
          "fullFile": "",
          "file": "",
          "beforeHooks": [],
          "afterHooks": [],
          "tests": [
            {
              "title": "dropdown test",
              "fullTitle": "dropdown dropdown test",
              "timedOut": null,
              "duration": 4762,
              "state": "passed",
              "speed": "slow",
              "pass": true,
              "fail": false,
              "pending": false,
              "context": null,
              "code": "cy.visit(\"https://the-internet.herokuapp.com/dropdown\"); //option 2 sec\ncy.get('#dropdown').select('Option 1').should('have.value', '1');\ncy.wait(3000); //option 2 sec\ncy.get('#dropdown').select('Option 2').should('have.value', '2');",
              "err": {},
              "uuid": "044ea161-7a10-4030-a96e-1fea93b56bcb",
              "parentUUID": "0e177e31-7122-4be3-96fa-bf0dce7d5e60",
              "isHook": false,
              "skipped": false
            }
          ],
          "suites": [],
          "passes": [
            "044ea161-7a10-4030-a96e-1fea93b56bcb"
          ],
          "failures": [],
          "pending": [],
          "skipped": [],
          "duration": 4762,
          "root": false,
          "rootEmpty": false,
          "_timeout": 2000
        }
      ],
      "passes": [],
      "failures": [],
      "pending": [],
      "skipped": [],
      "duration": 0,
      "root": true,
      "rootEmpty": true,
      "_timeout": 2000
    }
  ],
  "meta": {
    "mocha": {
      "version": "7.0.1"
    },
    "mochawesome": {
      "options": {
        "quiet": false,
        "reportFilename": "report",
        "saveHtml": true,
        "saveJson": true,
        "consoleReporter": "spec",
        "useInlineDiffs": false,
        "code": true
      },
      "version": "6.2.2"
    },
    "marge": {
      "options": {
        "reportDir": "cypress/reports",
        "reportFilename": "report",
        "overwrite": false,
        "html": true,
        "json": true,
        "charts": true
      },
      "version": "5.2.0"
    }
  }
}