{
  "stats": {
    "suites": 1,
    "tests": 1,
    "passes": 1,
    "pending": 0,
    "failures": 0,
    "start": "2021-08-08T18:14:29.865Z",
    "end": "2021-08-08T18:14:35.655Z",
    "duration": 5790,
    "testsRegistered": 1,
    "passPercent": 100,
    "pendingPercent": 0,
    "other": 0,
    "hasOther": false,
    "skipped": 0,
    "hasSkipped": false
  },
  "results": [
    {
      "uuid": "9edd353a-cc8c-4318-b100-dfb65a09a85d",
      "title": "",
      "fullFile": "cypress/integration/com.techproed/day06_hooks.js",
      "file": "cypress/integration/com.techproed/day06_hooks.js",
      "beforeHooks": [],
      "afterHooks": [],
      "tests": [],
      "suites": [
        {
          "uuid": "c87ce219-922d-4962-8d1a-8942c5375980",
          "title": "hooks",
          "fullFile": "",
          "file": "",
          "beforeHooks": [],
          "afterHooks": [],
          "tests": [
            {
              "title": "test 1",
              "fullTitle": "hooks test 1",
              "timedOut": null,
              "duration": 4172,
              "state": "passed",
              "speed": "slow",
              "pass": true,
              "fail": false,
              "pending": false,
              "context": null,
              "code": "cy.contains('Log in').click();",
              "err": {},
              "uuid": "f4216b49-9fcd-481f-b30b-513a8a5f65a5",
              "parentUUID": "c87ce219-922d-4962-8d1a-8942c5375980",
              "isHook": false,
              "skipped": false
            }
          ],
          "suites": [],
          "passes": [
            "f4216b49-9fcd-481f-b30b-513a8a5f65a5"
          ],
          "failures": [],
          "pending": [],
          "skipped": [],
          "duration": 4172,
          "root": false,
          "rootEmpty": false,
          "_timeout": 2000
        }
      ],
      "passes": [],
      "failures": [],
      "pending": [],
      "skipped": [],
      "duration": 0,
      "root": true,
      "rootEmpty": true,
      "_timeout": 2000
    }
  ],
  "meta": {
    "mocha": {
      "version": "7.0.1"
    },
    "mochawesome": {
      "options": {
        "quiet": false,
        "reportFilename": "report",
        "saveHtml": true,
        "saveJson": true,
        "consoleReporter": "spec",
        "useInlineDiffs": false,
        "code": true
      },
      "version": "6.2.2"
    },
    "marge": {
      "options": {
        "reportDir": "cypress/reports",
        "reportFilename": "report",
        "overwrite": false,
        "html": true,
        "json": true,
        "charts": true
      },
      "version": "5.2.0"
    }
  }
}