{
  "stats": {
    "suites": 1,
    "tests": 1,
    "passes": 1,
    "pending": 0,
    "failures": 0,
    "start": "2021-08-08T18:15:40.014Z",
    "end": "2021-08-08T18:15:41.869Z",
    "duration": 1855,
    "testsRegistered": 1,
    "passPercent": 100,
    "pendingPercent": 0,
    "other": 0,
    "hasOther": false,
    "skipped": 0,
    "hasSkipped": false
  },
  "results": [
    {
      "uuid": "7ac099c4-853e-4777-aa2c-7011352db147",
      "title": "",
      "fullFile": "cypress/integration/com.techproed/day09_XHR3.js",
      "file": "cypress/integration/com.techproed/day09_XHR3.js",
      "beforeHooks": [],
      "afterHooks": [],
      "tests": [],
      "suites": [
        {
          "uuid": "4d10c54c-7159-4ab5-a653-4639d3058a94",
          "title": "XHR - XML, HTTP, Request",
          "fullFile": "",
          "file": "",
          "beforeHooks": [],
          "afterHooks": [],
          "tests": [
            {
              "title": "XHR Example 3",
              "fullTitle": "XHR - XML, HTTP, Request XHR Example 3",
              "timedOut": null,
              "duration": 986,
              "state": "passed",
              "speed": "slow",
              "pass": true,
              "fail": false,
              "pending": false,
              "context": null,
              "code": "cy.visit('https://example.cypress.io/commands/waiting');\ncy.intercept('GET', '**/comments/*').as('getComment'); //networku dinle\n//as -> degisken atiyor. daha sonra @ ile kullamilir\ncy.get('.network-btn').click();\ncy.wait('@getComment').its('response').then(response => {\n  console.log(response);\n  assert.equal(response.statusCode, 200, 'Status Code Control');\n});",
              "err": {},
              "uuid": "83bfd5f9-9735-4e5f-9439-705d961fb90c",
              "parentUUID": "4d10c54c-7159-4ab5-a653-4639d3058a94",
              "isHook": false,
              "skipped": false
            }
          ],
          "suites": [],
          "passes": [
            "83bfd5f9-9735-4e5f-9439-705d961fb90c"
          ],
          "failures": [],
          "pending": [],
          "skipped": [],
          "duration": 986,
          "root": false,
          "rootEmpty": false,
          "_timeout": 2000
        }
      ],
      "passes": [],
      "failures": [],
      "pending": [],
      "skipped": [],
      "duration": 0,
      "root": true,
      "rootEmpty": true,
      "_timeout": 2000
    }
  ],
  "meta": {
    "mocha": {
      "version": "7.0.1"
    },
    "mochawesome": {
      "options": {
        "quiet": false,
        "reportFilename": "report",
        "saveHtml": true,
        "saveJson": true,
        "consoleReporter": "spec",
        "useInlineDiffs": false,
        "code": true
      },
      "version": "6.2.2"
    },
    "marge": {
      "options": {
        "reportDir": "cypress/reports",
        "reportFilename": "report",
        "overwrite": false,
        "html": true,
        "json": true,
        "charts": true
      },
      "version": "5.2.0"
    }
  }
}