{
  "stats": {
    "suites": 1,
    "tests": 1,
    "passes": 1,
    "pending": 1,
    "failures": -1,
    "start": "2021-08-08T18:11:34.712Z",
    "end": "2021-08-08T18:11:38.323Z",
    "duration": 3611,
    "testsRegistered": 2,
    "passPercent": 100,
    "pendingPercent": 50,
    "other": 1,
    "hasOther": true,
    "skipped": 1,
    "hasSkipped": true
  },
  "results": [
    {
      "uuid": "345c5a7b-5870-463e-b8ab-b1e9a4962312",
      "title": "",
      "fullFile": "cypress/integration/com.techproed/day02_login_test.js",
      "file": "cypress/integration/com.techproed/day02_login_test.js",
      "beforeHooks": [],
      "afterHooks": [],
      "tests": [],
      "suites": [
        {
          "uuid": "ec08c30c-f8df-40ad-807d-2e0bd2dc97bf",
          "title": "Login",
          "fullFile": "",
          "file": "",
          "beforeHooks": [],
          "afterHooks": [],
          "tests": [
            {
              "title": "login negatif",
              "fullTitle": "Login login negatif",
              "timedOut": null,
              "duration": 0,
              "state": "pending",
              "speed": null,
              "pass": false,
              "fail": false,
              "pending": true,
              "context": null,
              "code": "",
              "err": {},
              "uuid": "fb89115e-34c8-4e56-8381-f6fb4d63ee63",
              "parentUUID": "ec08c30c-f8df-40ad-807d-2e0bd2dc97bf",
              "isHook": false,
              "skipped": false
            },
            {
              "title": "login pozitif",
              "fullTitle": "Login login pozitif",
              "timedOut": null,
              "duration": 2607,
              "state": "passed",
              "speed": "slow",
              "pass": true,
              "fail": false,
              "pending": false,
              "context": null,
              "code": "cy.visit(\"https://test.iyikisordun.com/login.php\");\ncy.get('[type=\"email\"]').type(eMail);\ncy.get('[type=\"password\"]').type(pass);\ncy.get('.btn').click();\ncy.get('.m-0').should('have.text', 'Dashboard');\ncy.url().should('include', 'index.php');",
              "err": {},
              "uuid": "37041320-e832-4bf0-b6a1-be5df463bd73",
              "parentUUID": "ec08c30c-f8df-40ad-807d-2e0bd2dc97bf",
              "isHook": false,
              "skipped": false
            }
          ],
          "suites": [],
          "passes": [
            "37041320-e832-4bf0-b6a1-be5df463bd73"
          ],
          "failures": [],
          "pending": [
            "fb89115e-34c8-4e56-8381-f6fb4d63ee63"
          ],
          "skipped": [],
          "duration": 2607,
          "root": false,
          "rootEmpty": false,
          "_timeout": 2000
        }
      ],
      "passes": [],
      "failures": [],
      "pending": [],
      "skipped": [],
      "duration": 0,
      "root": true,
      "rootEmpty": true,
      "_timeout": 2000
    }
  ],
  "meta": {
    "mocha": {
      "version": "7.0.1"
    },
    "mochawesome": {
      "options": {
        "quiet": false,
        "reportFilename": "report",
        "saveHtml": true,
        "saveJson": true,
        "consoleReporter": "spec",
        "useInlineDiffs": false,
        "code": true
      },
      "version": "6.2.2"
    },
    "marge": {
      "options": {
        "reportDir": "cypress/reports",
        "reportFilename": "report",
        "overwrite": false,
        "html": true,
        "json": true,
        "charts": true
      },
      "version": "5.2.0"
    }
  }
}