{
  "stats": {
    "suites": 1,
    "tests": 1,
    "passes": 1,
    "pending": 1,
    "failures": -1,
    "start": "2021-08-08T18:11:39.019Z",
    "end": "2021-08-08T18:11:52.015Z",
    "duration": 12996,
    "testsRegistered": 2,
    "passPercent": 100,
    "pendingPercent": 50,
    "other": 1,
    "hasOther": true,
    "skipped": 1,
    "hasSkipped": true
  },
  "results": [
    {
      "uuid": "529cce94-a897-4a45-a7f1-d3a3c2feb5b5",
      "title": "",
      "fullFile": "cypress/integration/com.techproed/day02_navigasyon.js",
      "file": "cypress/integration/com.techproed/day02_navigasyon.js",
      "beforeHooks": [],
      "afterHooks": [],
      "tests": [],
      "suites": [
        {
          "uuid": "5fdf3304-6486-4b1a-9732-55722982f53c",
          "title": "Navigasyon",
          "fullFile": "",
          "file": "",
          "beforeHooks": [],
          "afterHooks": [],
          "tests": [
            {
              "title": "back,forward,refresh",
              "fullTitle": "Navigasyon back,forward,refresh",
              "timedOut": null,
              "duration": 0,
              "state": "pending",
              "speed": null,
              "pass": false,
              "fail": false,
              "pending": true,
              "context": null,
              "code": "",
              "err": {},
              "uuid": "59facb20-a6fd-4cf7-a4fe-fac89fde5bfc",
              "parentUUID": "5fdf3304-6486-4b1a-9732-55722982f53c",
              "isHook": false,
              "skipped": false
            },
            {
              "title": "zincirleme navigasyon",
              "fullTitle": "Navigasyon zincirleme navigasyon",
              "timedOut": null,
              "duration": 11588,
              "state": "passed",
              "speed": "slow",
              "pass": true,
              "fail": false,
              "pending": false,
              "context": null,
              "code": "cy.visit('https://qa-environment.koalaresorthotels.com/');\ncy.contains('Log in').click().go('back').go('forward').go('back');\ncy.pause();\ncy.reload(true).contains('Log in').should('be.visible');",
              "err": {},
              "uuid": "ff317488-6326-4c3f-bf75-5e5eb928e0c7",
              "parentUUID": "5fdf3304-6486-4b1a-9732-55722982f53c",
              "isHook": false,
              "skipped": false
            }
          ],
          "suites": [],
          "passes": [
            "ff317488-6326-4c3f-bf75-5e5eb928e0c7"
          ],
          "failures": [],
          "pending": [
            "59facb20-a6fd-4cf7-a4fe-fac89fde5bfc"
          ],
          "skipped": [],
          "duration": 11588,
          "root": false,
          "rootEmpty": false,
          "_timeout": 2000
        }
      ],
      "passes": [],
      "failures": [],
      "pending": [],
      "skipped": [],
      "duration": 0,
      "root": true,
      "rootEmpty": true,
      "_timeout": 2000
    }
  ],
  "meta": {
    "mocha": {
      "version": "7.0.1"
    },
    "mochawesome": {
      "options": {
        "quiet": false,
        "reportFilename": "report",
        "saveHtml": true,
        "saveJson": true,
        "consoleReporter": "spec",
        "useInlineDiffs": false,
        "code": true
      },
      "version": "6.2.2"
    },
    "marge": {
      "options": {
        "reportDir": "cypress/reports",
        "reportFilename": "report",
        "overwrite": false,
        "html": true,
        "json": true,
        "charts": true
      },
      "version": "5.2.0"
    }
  }
}