{
  "stats": {
    "suites": 1,
    "tests": 1,
    "passes": 1,
    "pending": 0,
    "failures": 0,
    "start": "2021-08-08T18:15:27.616Z",
    "end": "2021-08-08T18:15:36.262Z",
    "duration": 8646,
    "testsRegistered": 1,
    "passPercent": 100,
    "pendingPercent": 0,
    "other": 0,
    "hasOther": false,
    "skipped": 0,
    "hasSkipped": false
  },
  "results": [
    {
      "uuid": "72386af8-6cd1-4aeb-a11f-642080b27c08",
      "title": "",
      "fullFile": "cypress/integration/com.techproed/day08_POM_TEST.js",
      "file": "cypress/integration/com.techproed/day08_POM_TEST.js",
      "beforeHooks": [],
      "afterHooks": [],
      "tests": [],
      "suites": [
        {
          "uuid": "c6cfb63b-d78f-448a-9bc3-9a4b1e4077d9",
          "title": "Paylinn Bank",
          "fullFile": "",
          "file": "",
          "beforeHooks": [],
          "afterHooks": [],
          "tests": [
            {
              "title": "paylinn login test",
              "fullTitle": "Paylinn Bank paylinn login test",
              "timedOut": null,
              "duration": 7859,
              "state": "passed",
              "speed": "slow",
              "pass": true,
              "fail": false,
              "pending": false,
              "context": null,
              "code": "//page object olusturma\nconst homePage = new _HomePage.default(); //loginPage object olusturma\nconst loginPage = new _LoginPage.default(); //URL'e git\ncy.visit('https://www.paylinn.com/'); //Sign In'e click\nhomePage.getSigninLink().click(); //username gir\nloginPage.getUserNameBox().type(this.data.username); //username girildigini dogrula\nloginPage.getUserNameBox().should('have.attr', 'value', this.data.username); //password gir\nloginPage.getPasswordBox().type(this.data.password); //password girildigini dogrula\nloginPage.getPasswordBox().should('have.attr', 'value', this.data.password); //sign In butonuna tikla\nloginPage.getLoginButton().click(); //giris yapildigini onayla\nloginPage.getWelcomeText().should('contain.text', 'Welcome'); //giris yapildigini assert etme\nloginPage.getNavbarHeader().should('contain.text', 'Welcome').and('contain.text', 'React').and('contain.text', 'Logout').and('contain.text', this.data.username);",
              "err": {},
              "uuid": "684a9ad5-0cc4-4c90-bf86-c9df866e59be",
              "parentUUID": "c6cfb63b-d78f-448a-9bc3-9a4b1e4077d9",
              "isHook": false,
              "skipped": false
            }
          ],
          "suites": [],
          "passes": [
            "684a9ad5-0cc4-4c90-bf86-c9df866e59be"
          ],
          "failures": [],
          "pending": [],
          "skipped": [],
          "duration": 7859,
          "root": false,
          "rootEmpty": false,
          "_timeout": 2000
        }
      ],
      "passes": [],
      "failures": [],
      "pending": [],
      "skipped": [],
      "duration": 0,
      "root": true,
      "rootEmpty": true,
      "_timeout": 2000
    }
  ],
  "meta": {
    "mocha": {
      "version": "7.0.1"
    },
    "mochawesome": {
      "options": {
        "quiet": false,
        "reportFilename": "report",
        "saveHtml": true,
        "saveJson": true,
        "consoleReporter": "spec",
        "useInlineDiffs": false,
        "code": true
      },
      "version": "6.2.2"
    },
    "marge": {
      "options": {
        "reportDir": "cypress/reports",
        "reportFilename": "report",
        "overwrite": false,
        "html": true,
        "json": true,
        "charts": true
      },
      "version": "5.2.0"
    }
  }
}