{
  "stats": {
    "suites": 1,
    "tests": 1,
    "passes": 1,
    "pending": 1,
    "failures": -1,
    "start": "2021-08-08T18:12:42.295Z",
    "end": "2021-08-08T18:12:44.645Z",
    "duration": 2350,
    "testsRegistered": 2,
    "passPercent": 100,
    "pendingPercent": 50,
    "other": 1,
    "hasOther": true,
    "skipped": 1,
    "hasSkipped": true
  },
  "results": [
    {
      "uuid": "0717733a-5606-4f2c-9c14-db1b342a3ef1",
      "title": "",
      "fullFile": "cypress/integration/com.techproed/day04_draganddrop.js",
      "file": "cypress/integration/com.techproed/day04_draganddrop.js",
      "beforeHooks": [],
      "afterHooks": [],
      "tests": [],
      "suites": [
        {
          "uuid": "87564b04-3f88-4342-b088-9d12d3bf5923",
          "title": "drag and drop",
          "fullFile": "",
          "file": "",
          "beforeHooks": [],
          "afterHooks": [],
          "tests": [
            {
              "title": "double click",
              "fullTitle": "drag and drop double click",
              "timedOut": null,
              "duration": 0,
              "state": "pending",
              "speed": null,
              "pass": false,
              "fail": false,
              "pending": true,
              "context": null,
              "code": "",
              "err": {},
              "uuid": "38c1ee4a-1cd6-45b1-832e-45a42459d27f",
              "parentUUID": "87564b04-3f88-4342-b088-9d12d3bf5923",
              "isHook": false,
              "skipped": false
            },
            {
              "title": "drag and drop",
              "fullTitle": "drag and drop drag and drop",
              "timedOut": null,
              "duration": 967,
              "state": "passed",
              "speed": "slow",
              "pass": true,
              "fail": false,
              "pending": false,
              "context": null,
              "code": "// 1) Terminalden: npm install --save-dev @4tw/cypress-drag-drop\n// 2) import '@4tw/cypress-drag-drop'\ncy.visit('https://www.testandquiz.com/selenium/testing.html');\ncy.get('#sourceImage') //suruklenecek element\n.drag('#targetDiv'); //suruklenecegi yer",
              "err": {},
              "uuid": "4d4b3974-82a4-4193-9bf5-d09d6d75c208",
              "parentUUID": "87564b04-3f88-4342-b088-9d12d3bf5923",
              "isHook": false,
              "skipped": false
            }
          ],
          "suites": [],
          "passes": [
            "4d4b3974-82a4-4193-9bf5-d09d6d75c208"
          ],
          "failures": [],
          "pending": [
            "38c1ee4a-1cd6-45b1-832e-45a42459d27f"
          ],
          "skipped": [],
          "duration": 967,
          "root": false,
          "rootEmpty": false,
          "_timeout": 2000
        }
      ],
      "passes": [],
      "failures": [],
      "pending": [],
      "skipped": [],
      "duration": 0,
      "root": true,
      "rootEmpty": true,
      "_timeout": 2000
    }
  ],
  "meta": {
    "mocha": {
      "version": "7.0.1"
    },
    "mochawesome": {
      "options": {
        "quiet": false,
        "reportFilename": "report",
        "saveHtml": true,
        "saveJson": true,
        "consoleReporter": "spec",
        "useInlineDiffs": false,
        "code": true
      },
      "version": "6.2.2"
    },
    "marge": {
      "options": {
        "reportDir": "cypress/reports",
        "reportFilename": "report",
        "overwrite": false,
        "html": true,
        "json": true,
        "charts": true
      },
      "version": "5.2.0"
    }
  }
}